[2026-03-29T11:12:01.326Z] [31merror[39m: Init failed: roles: password authentication failed for user "postgres"
[2026-03-29T11:12:01.430Z] [31merror[39m: Init failed: users: password authentication failed for user "postgres"
[2026-03-29T11:12:01.487Z] [31merror[39m: Init failed: importers: password authentication failed for user "postgres"
[2026-03-29T11:12:01.543Z] [31merror[39m: Init failed: shipments: password authentication failed for user "postgres"
[2026-03-29T11:12:01.597Z] [31merror[39m: Init failed: declarations: password authentication failed for user "postgres"
[2026-03-29T11:12:01.663Z] [31merror[39m: Init failed: inspections: password authentication failed for user "postgres"
[2026-03-29T11:12:01.735Z] [31merror[39m: Init failed: payments: password authentication failed for user "postgres"
[2026-03-29T11:12:01.803Z] [31merror[39m: Init failed: clearances: password authentication failed for user "postgres"
[2026-03-29T11:12:01.863Z] [31merror[39m: Init failed: performance: password authentication failed for user "postgres"
[2026-03-29T11:12:01.919Z] [31merror[39m: Init failed: goods_items: password authentication failed for user "postgres"
[2026-03-29T11:12:01.978Z] [31merror[39m: Init failed: risk_engine: password authentication failed for user "postgres"
[2026-03-29T11:12:02.032Z] [31merror[39m: Init failed: documents: password authentication failed for user "postgres"
[2026-03-29T11:12:02.145Z] [31merror[39m: Init failed: notifications: password authentication failed for user "postgres"
[2026-03-29T11:12:02.233Z] [31merror[39m: Init failed: payment_intents: password authentication failed for user "postgres"
[2026-03-29T11:12:02.311Z] [31merror[39m: Init failed: tracking: password authentication failed for user "postgres"
[2026-03-29T11:12:02.384Z] [31merror[39m: Init failed: tracking_points: password authentication failed for user "postgres"
[2026-03-29T11:12:02.515Z] [31merror[39m: Init failed: tracking_audits: password authentication failed for user "postgres"
[2026-03-29T11:12:02.587Z] [31merror[39m: Init failed: gps_devices: password authentication failed for user "postgres"
[2026-03-29T11:12:02.658Z] [31merror[39m: Init failed: currency_approvals: password authentication failed for user "postgres"
[2026-03-29T11:12:02.728Z] [31merror[39m: Init failed: import_permits: password authentication failed for user "postgres"
[2026-03-29T11:12:02.910Z] [31merror[39m: Init failed: transport_links: password authentication failed for user "postgres"
[2026-03-29T11:12:02.980Z] [31merror[39m: Init failed: transport_events: password authentication failed for user "postgres"
[2026-03-29T11:12:03.048Z] [31merror[39m: Init failed: smart_index: password authentication failed for user "postgres"
[2026-03-29T11:12:03.117Z] [31merror[39m: Init failed: ocr_extracts: password authentication failed for user "postgres"
[2026-03-29T11:12:03.197Z] [31merror[39m: Init failed: locations: password authentication failed for user "postgres"
[2026-03-29T11:12:03.270Z] [31merror[39m: Init failed: seedRoles: password authentication failed for user "postgres"
[2026-03-29T11:12:03.275Z] [32minfo[39m: ESL poller disabled
[2026-03-29T11:12:03.277Z] [32minfo[39m: Server running on port 5000
[2026-03-29T11:12:13.530Z] [31merror[39m: Notification rules failed: password authentication failed for user "postgres"
